mode: atomic
github.com/tcarreira/api-server/pkg/client/client.go:26.52,27.25 1 10
github.com/tcarreira/api-server/pkg/client/client.go:27.25,29.3 1 0
github.com/tcarreira/api-server/pkg/client/client.go:30.2,34.18 2 10
github.com/tcarreira/api-server/pkg/client/client.go:37.77,39.16 2 22
github.com/tcarreira/api-server/pkg/client/client.go:39.16,41.3 1 0
github.com/tcarreira/api-server/pkg/client/client.go:42.2,45.17 4 22
github.com/tcarreira/api-server/pkg/client/client.go:48.56,50.16 2 8
github.com/tcarreira/api-server/pkg/client/client.go:50.16,52.3 1 0
github.com/tcarreira/api-server/pkg/client/client.go:53.2,54.16 2 8
github.com/tcarreira/api-server/pkg/client/client.go:54.16,56.3 1 0
github.com/tcarreira/api-server/pkg/client/client.go:57.2,59.44 2 8
github.com/tcarreira/api-server/pkg/client/client.go:59.44,61.3 1 2
github.com/tcarreira/api-server/pkg/client/client.go:63.2,64.16 2 6
github.com/tcarreira/api-server/pkg/client/client.go:64.16,66.3 1 0
github.com/tcarreira/api-server/pkg/client/client.go:67.2,67.28 1 6
github.com/tcarreira/api-server/pkg/client/client.go:67.28,69.3 1 0
github.com/tcarreira/api-server/pkg/client/client.go:71.2,71.18 1 6
github.com/tcarreira/api-server/pkg/client/client.go:74.75,76.16 2 4
github.com/tcarreira/api-server/pkg/client/client.go:76.16,78.3 1 0
github.com/tcarreira/api-server/pkg/client/client.go:80.2,81.16 2 4
github.com/tcarreira/api-server/pkg/client/client.go:81.16,83.3 1 0
github.com/tcarreira/api-server/pkg/client/client.go:84.2,85.16 2 4
github.com/tcarreira/api-server/pkg/client/client.go:85.16,87.3 1 0
github.com/tcarreira/api-server/pkg/client/client.go:88.2,90.44 2 4
github.com/tcarreira/api-server/pkg/client/client.go:90.44,92.3 1 0
github.com/tcarreira/api-server/pkg/client/client.go:94.2,95.16 2 4
github.com/tcarreira/api-server/pkg/client/client.go:95.16,97.3 1 0
github.com/tcarreira/api-server/pkg/client/client.go:98.2,98.28 1 4
github.com/tcarreira/api-server/pkg/client/client.go:98.28,100.3 1 0
github.com/tcarreira/api-server/pkg/client/client.go:102.2,102.18 1 4
github.com/tcarreira/api-server/pkg/client/client.go:105.74,107.16 2 4
github.com/tcarreira/api-server/pkg/client/client.go:107.16,109.3 1 0
github.com/tcarreira/api-server/pkg/client/client.go:111.2,112.16 2 4
github.com/tcarreira/api-server/pkg/client/client.go:112.16,114.3 1 0
github.com/tcarreira/api-server/pkg/client/client.go:115.2,116.16 2 4
github.com/tcarreira/api-server/pkg/client/client.go:116.16,118.3 1 0
github.com/tcarreira/api-server/pkg/client/client.go:119.2,121.44 2 4
github.com/tcarreira/api-server/pkg/client/client.go:121.44,123.3 1 2
github.com/tcarreira/api-server/pkg/client/client.go:125.2,126.16 2 2
github.com/tcarreira/api-server/pkg/client/client.go:126.16,128.3 1 0
github.com/tcarreira/api-server/pkg/client/client.go:129.2,129.28 1 2
github.com/tcarreira/api-server/pkg/client/client.go:129.28,131.3 1 0
github.com/tcarreira/api-server/pkg/client/client.go:133.2,133.18 1 2
github.com/tcarreira/api-server/pkg/client/client.go:136.49,138.16 2 6
github.com/tcarreira/api-server/pkg/client/client.go:138.16,140.3 1 0
github.com/tcarreira/api-server/pkg/client/client.go:141.2,142.16 2 6
github.com/tcarreira/api-server/pkg/client/client.go:142.16,144.3 1 0
github.com/tcarreira/api-server/pkg/client/client.go:145.2,147.44 2 6
github.com/tcarreira/api-server/pkg/client/client.go:147.44,149.3 1 2
github.com/tcarreira/api-server/pkg/client/client.go:151.2,152.16 2 4
github.com/tcarreira/api-server/pkg/client/client.go:152.16,154.3 1 0
github.com/tcarreira/api-server/pkg/client/client.go:155.2,155.28 1 4
github.com/tcarreira/api-server/pkg/client/client.go:155.28,157.3 1 0
github.com/tcarreira/api-server/pkg/client/client.go:159.2,159.12 1 4
github.com/tcarreira/api-server/pkg/client/people.go:14.44,16.2 1 11
github.com/tcarreira/api-server/pkg/client/people.go:18.54,20.16 2 2
github.com/tcarreira/api-server/pkg/client/people.go:20.16,22.3 1 0
github.com/tcarreira/api-server/pkg/client/people.go:23.2,25.16 3 2
github.com/tcarreira/api-server/pkg/client/people.go:25.16,27.3 1 0
github.com/tcarreira/api-server/pkg/client/people.go:28.2,29.12 2 2
github.com/tcarreira/api-server/pkg/client/people.go:32.59,34.16 2 2
github.com/tcarreira/api-server/pkg/client/people.go:34.16,36.3 1 1
github.com/tcarreira/api-server/pkg/client/people.go:37.2,39.16 3 1
github.com/tcarreira/api-server/pkg/client/people.go:39.16,41.3 1 0
github.com/tcarreira/api-server/pkg/client/people.go:42.2,42.21 1 1
github.com/tcarreira/api-server/pkg/client/people.go:45.56,47.16 2 2
github.com/tcarreira/api-server/pkg/client/people.go:47.16,49.3 1 0
github.com/tcarreira/api-server/pkg/client/people.go:50.2,52.16 3 2
github.com/tcarreira/api-server/pkg/client/people.go:52.16,54.3 1 0
github.com/tcarreira/api-server/pkg/client/people.go:55.2,55.20 1 2
github.com/tcarreira/api-server/pkg/client/people.go:58.62,60.16 2 2
github.com/tcarreira/api-server/pkg/client/people.go:60.16,62.3 1 1
github.com/tcarreira/api-server/pkg/client/people.go:63.2,65.16 3 1
github.com/tcarreira/api-server/pkg/client/people.go:65.16,67.3 1 0
github.com/tcarreira/api-server/pkg/client/people.go:68.2,69.12 2 1
github.com/tcarreira/api-server/pkg/client/people.go:72.45,74.2 1 3
github.com/tcarreira/api-server/pkg/client/pets.go:14.39,16.2 1 11
github.com/tcarreira/api-server/pkg/client/pets.go:18.49,20.16 2 2
github.com/tcarreira/api-server/pkg/client/pets.go:20.16,22.3 1 0
github.com/tcarreira/api-server/pkg/client/pets.go:23.2,25.16 3 2
github.com/tcarreira/api-server/pkg/client/pets.go:25.16,27.3 1 0
github.com/tcarreira/api-server/pkg/client/pets.go:28.2,29.12 2 2
github.com/tcarreira/api-server/pkg/client/pets.go:32.54,34.16 2 2
github.com/tcarreira/api-server/pkg/client/pets.go:34.16,36.3 1 1
github.com/tcarreira/api-server/pkg/client/pets.go:37.2,39.16 3 1
github.com/tcarreira/api-server/pkg/client/pets.go:39.16,41.3 1 0
github.com/tcarreira/api-server/pkg/client/pets.go:42.2,42.18 1 1
github.com/tcarreira/api-server/pkg/client/pets.go:45.51,47.16 2 2
github.com/tcarreira/api-server/pkg/client/pets.go:47.16,49.3 1 0
github.com/tcarreira/api-server/pkg/client/pets.go:50.2,52.16 3 2
github.com/tcarreira/api-server/pkg/client/pets.go:52.16,54.3 1 0
github.com/tcarreira/api-server/pkg/client/pets.go:55.2,55.18 1 2
github.com/tcarreira/api-server/pkg/client/pets.go:58.57,60.16 2 2
github.com/tcarreira/api-server/pkg/client/pets.go:60.16,62.3 1 1
github.com/tcarreira/api-server/pkg/client/pets.go:63.2,65.16 3 1
github.com/tcarreira/api-server/pkg/client/pets.go:65.16,67.3 1 0
github.com/tcarreira/api-server/pkg/client/pets.go:68.2,69.12 2 1
github.com/tcarreira/api-server/pkg/client/pets.go:72.43,74.2 1 3
